<?xml version="1.0" encoding="UTF-8"?>
<!-- Generated by org.testng.reporters.JUnitXMLReporter -->
<testsuite ignored="0" hostname="Kanimozhi" failures="0" tests="3" name="Default test" time="26.603" errors="0" timestamp="10 Oct 2023 08:21:02 GMT">
  <testcase classname="com.runnerclass.Runnerclass" name="validation" time="0.054"/>
  <testcase classname="com.runnerclass.Runnerclass" name="facebookLogin" time="1.503"/>
  <testcase classname="com.runnerclass.Runnerclass" name="failedPage" time="5.42"/>
</testsuite> <!-- Default test -->
