<?xml version="1.0" encoding="UTF-8"?>
<testng-results ignored="0" total="3" passed="3" failed="0" skipped="0">
  <reporter-output>
  </reporter-output>
  <suite started-at="2023-10-10T08:20:35Z" name="Default suite" finished-at="2023-10-10T08:21:02Z" duration-ms="26603">
    <groups>
    </groups>
    <test started-at="2023-10-10T08:20:35Z" name="Default test" finished-at="2023-10-10T08:21:02Z" duration-ms="26603">
      <class name="com.runnerclass.Runnerclass">
        <test-method is-config="true" signature="launch()[pri:0, instance:com.runnerclass.Runnerclass@38467116]" started-at="2023-10-10T13:50:35Z" name="launch" finished-at="2023-10-10T13:50:54Z" duration-ms="18464" status="PASS">
          <reporter-output>
          </reporter-output>
        </test-method> <!-- launch -->
        <test-method signature="validation()[pri:1, instance:com.runnerclass.Runnerclass@38467116]" started-at="2023-10-10T13:50:54Z" name="validation" finished-at="2023-10-10T13:50:54Z" duration-ms="54" status="PASS">
          <reporter-output>
          </reporter-output>
        </test-method> <!-- validation -->
        <test-method signature="facebookLogin()[pri:2, instance:com.runnerclass.Runnerclass@38467116]" started-at="2023-10-10T13:50:54Z" name="facebookLogin" finished-at="2023-10-10T13:50:55Z" duration-ms="1503" status="PASS">
          <reporter-output>
          </reporter-output>
        </test-method> <!-- facebookLogin -->
        <test-method signature="failedPage()[pri:3, instance:com.runnerclass.Runnerclass@38467116]" started-at="2023-10-10T13:50:55Z" name="failedPage" finished-at="2023-10-10T13:51:01Z" duration-ms="5420" status="PASS">
          <reporter-output>
          </reporter-output>
        </test-method> <!-- failedPage -->
        <test-method is-config="true" signature="Close()[pri:0, instance:com.runnerclass.Runnerclass@38467116]" started-at="2023-10-10T13:51:01Z" name="Close" finished-at="2023-10-10T13:51:02Z" duration-ms="1091" status="PASS">
          <reporter-output>
          </reporter-output>
        </test-method> <!-- Close -->
      </class> <!-- com.runnerclass.Runnerclass -->
    </test> <!-- Default test -->
  </suite> <!-- Default suite -->
</testng-results>
